mode: set
github.com/neonlab-dev/fsm/examples/basic/main.go:20.13,22.15 2 0
github.com/neonlab-dev/fsm/examples/basic/main.go:22.15,24.3 1 0
github.com/neonlab-dev/fsm/examples/basic/main.go:26.2,31.16 2 0
github.com/neonlab-dev/fsm/examples/basic/main.go:31.16,32.13 1 0
github.com/neonlab-dev/fsm/examples/basic/main.go:35.2,35.30 1 0
github.com/neonlab-dev/fsm/examples/basic/main.go:35.30,37.3 1 0
github.com/neonlab-dev/fsm/examples/basic/main.go:40.117,50.92 3 1
github.com/neonlab-dev/fsm/examples/basic/main.go:50.92,53.4 2 1
github.com/neonlab-dev/fsm/examples/basic/main.go:56.2,58.92 1 1
github.com/neonlab-dev/fsm/examples/basic/main.go:58.92,61.4 2 1
github.com/neonlab-dev/fsm/examples/basic/main.go:64.2,64.23 1 1
github.com/neonlab-dev/fsm/examples/basic/main.go:67.170,71.28 3 1
github.com/neonlab-dev/fsm/examples/basic/main.go:71.28,72.60 1 1
github.com/neonlab-dev/fsm/examples/basic/main.go:72.60,74.4 1 0
github.com/neonlab-dev/fsm/examples/basic/main.go:75.3,76.17 2 1
github.com/neonlab-dev/fsm/examples/basic/main.go:76.17,78.4 1 0
github.com/neonlab-dev/fsm/examples/basic/main.go:79.3,79.10 1 1
github.com/neonlab-dev/fsm/examples/basic/main.go:79.10,81.4 1 0
github.com/neonlab-dev/fsm/examples/basic/main.go:82.3,82.33 1 1
github.com/neonlab-dev/fsm/examples/basic/main.go:84.2,84.20 1 1
github.com/neonlab-dev/fsm/examples/medium/main.go:31.13,33.15 2 0
github.com/neonlab-dev/fsm/examples/medium/main.go:33.15,35.3 1 0
github.com/neonlab-dev/fsm/examples/medium/main.go:37.2,43.30 2 0
github.com/neonlab-dev/fsm/examples/medium/main.go:43.30,45.21 2 0
github.com/neonlab-dev/fsm/examples/medium/main.go:45.21,47.4 1 0
github.com/neonlab-dev/fsm/examples/medium/main.go:48.3,49.21 2 0
github.com/neonlab-dev/fsm/examples/medium/main.go:49.21,51.4 1 0
github.com/neonlab-dev/fsm/examples/medium/main.go:62.119,73.93 3 1
github.com/neonlab-dev/fsm/examples/medium/main.go:73.93,74.20 1 1
github.com/neonlab-dev/fsm/examples/medium/main.go:74.20,76.5 1 1
github.com/neonlab-dev/fsm/examples/medium/main.go:77.4,78.42 2 1
github.com/neonlab-dev/fsm/examples/medium/main.go:82.2,84.92 1 1
github.com/neonlab-dev/fsm/examples/medium/main.go:84.92,85.45 1 1
github.com/neonlab-dev/fsm/examples/medium/main.go:85.45,87.5 1 0
github.com/neonlab-dev/fsm/examples/medium/main.go:88.4,88.14 1 1
github.com/neonlab-dev/fsm/examples/medium/main.go:90.93,93.4 2 1
github.com/neonlab-dev/fsm/examples/medium/main.go:96.2,106.23 3 1
github.com/neonlab-dev/fsm/examples/medium/main.go:109.118,110.92 1 1
github.com/neonlab-dev/fsm/examples/medium/main.go:110.92,112.38 2 1
github.com/neonlab-dev/fsm/examples/medium/main.go:112.38,115.4 2 0
github.com/neonlab-dev/fsm/examples/medium/main.go:116.3,117.13 2 1
github.com/neonlab-dev/fsm/examples/medium/main.go:121.82,122.92 1 1
github.com/neonlab-dev/fsm/examples/medium/main.go:122.92,123.19 1 0
github.com/neonlab-dev/fsm/examples/medium/main.go:123.19,125.4 1 0
github.com/neonlab-dev/fsm/examples/medium/main.go:126.3,127.13 2 0
github.com/neonlab-dev/fsm/examples/medium/main.go:131.165,136.28 4 1
github.com/neonlab-dev/fsm/examples/medium/main.go:136.28,140.21 4 1
github.com/neonlab-dev/fsm/examples/medium/main.go:140.21,142.19 2 1
github.com/neonlab-dev/fsm/examples/medium/main.go:142.19,145.5 2 1
github.com/neonlab-dev/fsm/examples/medium/main.go:147.3,147.33 1 1
github.com/neonlab-dev/fsm/examples/medium/main.go:149.2,149.16 1 1
github.com/neonlab-dev/fsm/examples/advanced/main.go:53.13,56.15 3 0
github.com/neonlab-dev/fsm/examples/advanced/main.go:56.15,58.3 1 0
github.com/neonlab-dev/fsm/examples/advanced/main.go:60.2,61.44 2 0
github.com/neonlab-dev/fsm/examples/advanced/main.go:61.44,64.3 2 0
github.com/neonlab-dev/fsm/examples/advanced/main.go:65.2,65.56 1 0
github.com/neonlab-dev/fsm/examples/advanced/main.go:65.56,67.3 1 0
github.com/neonlab-dev/fsm/examples/advanced/main.go:67.8,69.3 1 0
github.com/neonlab-dev/fsm/examples/advanced/main.go:72.104,83.2 4 1
github.com/neonlab-dev/fsm/examples/advanced/main.go:85.94,103.87 3 1
github.com/neonlab-dev/fsm/examples/advanced/main.go:103.87,104.20 1 1
github.com/neonlab-dev/fsm/examples/advanced/main.go:104.20,106.5 1 0
github.com/neonlab-dev/fsm/examples/advanced/main.go:107.4,109.14 3 1
github.com/neonlab-dev/fsm/examples/advanced/main.go:114.2,116.87 1 1
github.com/neonlab-dev/fsm/examples/advanced/main.go:116.87,117.20 1 1
github.com/neonlab-dev/fsm/examples/advanced/main.go:117.20,119.5 1 0
github.com/neonlab-dev/fsm/examples/advanced/main.go:120.4,120.38 1 1
github.com/neonlab-dev/fsm/examples/advanced/main.go:120.38,122.5 1 1
github.com/neonlab-dev/fsm/examples/advanced/main.go:122.10,124.5 1 0
github.com/neonlab-dev/fsm/examples/advanced/main.go:125.4,125.14 1 1
github.com/neonlab-dev/fsm/examples/advanced/main.go:130.2,132.87 1 1
github.com/neonlab-dev/fsm/examples/advanced/main.go:132.87,133.20 1 1
github.com/neonlab-dev/fsm/examples/advanced/main.go:133.20,135.5 1 0
github.com/neonlab-dev/fsm/examples/advanced/main.go:136.4,137.14 2 1
github.com/neonlab-dev/fsm/examples/advanced/main.go:142.2,143.68 1 1
github.com/neonlab-dev/fsm/examples/advanced/main.go:146.70,147.86 1 1
github.com/neonlab-dev/fsm/examples/advanced/main.go:147.86,148.19 1 1
github.com/neonlab-dev/fsm/examples/advanced/main.go:148.19,150.4 1 1
github.com/neonlab-dev/fsm/examples/advanced/main.go:151.3,151.28 1 1
github.com/neonlab-dev/fsm/examples/advanced/main.go:151.28,153.4 1 0
github.com/neonlab-dev/fsm/examples/advanced/main.go:154.3,154.13 1 1
github.com/neonlab-dev/fsm/examples/advanced/main.go:158.59,159.86 1 1
github.com/neonlab-dev/fsm/examples/advanced/main.go:159.86,160.19 1 1
github.com/neonlab-dev/fsm/examples/advanced/main.go:160.19,162.4 1 0
github.com/neonlab-dev/fsm/examples/advanced/main.go:163.3,167.13 5 1
github.com/neonlab-dev/fsm/examples/advanced/main.go:171.108,172.86 1 1
github.com/neonlab-dev/fsm/examples/advanced/main.go:172.86,178.3 5 1
github.com/neonlab-dev/fsm/examples/advanced/main.go:181.108,182.92 1 1
github.com/neonlab-dev/fsm/examples/advanced/main.go:182.92,183.16 1 1
github.com/neonlab-dev/fsm/examples/advanced/main.go:183.16,184.32 1 1
github.com/neonlab-dev/fsm/examples/advanced/main.go:184.32,186.5 1 0
github.com/neonlab-dev/fsm/examples/advanced/main.go:188.3,188.22 1 1
github.com/neonlab-dev/fsm/examples/advanced/main.go:194.102,196.2 1 1
github.com/neonlab-dev/fsm/examples/advanced/main.go:198.119,200.2 1 0
github.com/neonlab-dev/fsm/examples/advanced/main.go:202.114,204.2 1 0
github.com/neonlab-dev/fsm/examples/advanced/main.go:206.123,208.2 1 1
github.com/neonlab-dev/fsm/examples/advanced/main.go:210.92,212.2 1 1
github.com/neonlab-dev/fsm/examples/advanced/main.go:214.103,216.2 1 0
github.com/neonlab-dev/fsm/examples/advanced/main.go:227.52,235.2 1 1
github.com/neonlab-dev/fsm/examples/advanced/main.go:237.100,240.39 3 1
github.com/neonlab-dev/fsm/examples/advanced/main.go:240.39,242.3 1 1
github.com/neonlab-dev/fsm/examples/advanced/main.go:243.2,243.35 1 1
github.com/neonlab-dev/fsm/examples/advanced/main.go:246.106,254.2 4 1
github.com/neonlab-dev/fsm/examples/advanced/main.go:256.112,260.68 3 0
github.com/neonlab-dev/fsm/examples/advanced/main.go:260.68,262.3 1 0
github.com/neonlab-dev/fsm/examples/advanced/main.go:263.2,264.69 2 0
github.com/neonlab-dev/fsm/examples/advanced/main.go:264.69,266.3 1 0
github.com/neonlab-dev/fsm/examples/advanced/main.go:267.2,270.68 3 0
github.com/neonlab-dev/fsm/examples/advanced/main.go:270.68,272.3 1 0
github.com/neonlab-dev/fsm/examples/advanced/main.go:273.2,277.68 4 0
github.com/neonlab-dev/fsm/examples/advanced/main.go:277.68,279.3 1 0
github.com/neonlab-dev/fsm/examples/advanced/main.go:280.2,280.78 1 0
github.com/neonlab-dev/fsm/examples/advanced/main.go:280.78,282.3 1 0
github.com/neonlab-dev/fsm/examples/advanced/main.go:283.2,283.68 1 0
github.com/neonlab-dev/fsm/examples/advanced/main.go:283.68,285.3 1 0
github.com/neonlab-dev/fsm/examples/advanced/main.go:286.2,286.69 1 0
github.com/neonlab-dev/fsm/examples/advanced/main.go:286.69,288.3 1 0
github.com/neonlab-dev/fsm/examples/advanced/main.go:289.2,289.35 1 0
github.com/neonlab-dev/fsm/examples/advanced/main.go:292.72,294.48 2 1
github.com/neonlab-dev/fsm/examples/advanced/main.go:294.48,297.3 2 0
github.com/neonlab-dev/fsm/examples/advanced/main.go:298.2,298.21 1 1
github.com/neonlab-dev/fsm/examples/advanced/main.go:301.97,303.55 2 1
github.com/neonlab-dev/fsm/examples/advanced/main.go:303.55,305.3 1 1
github.com/neonlab-dev/fsm/examples/advanced/main.go:307.2,308.16 2 1
github.com/neonlab-dev/fsm/examples/advanced/main.go:308.16,310.3 1 0
github.com/neonlab-dev/fsm/examples/advanced/main.go:312.2,312.18 1 1
github.com/neonlab-dev/fsm/examples/advanced/main.go:312.18,314.17 2 0
github.com/neonlab-dev/fsm/examples/advanced/main.go:314.17,316.4 1 0
github.com/neonlab-dev/fsm/examples/advanced/main.go:317.3,318.47 2 0
github.com/neonlab-dev/fsm/examples/advanced/main.go:318.47,320.4 1 0
github.com/neonlab-dev/fsm/examples/advanced/main.go:321.3,321.29 1 0
github.com/neonlab-dev/fsm/examples/advanced/main.go:324.2,324.65 1 1
github.com/neonlab-dev/fsm/examples/advanced/main.go:324.65,326.3 1 0
github.com/neonlab-dev/fsm/examples/advanced/main.go:327.2,327.57 1 1
github.com/neonlab-dev/fsm/examples/advanced/main.go:327.57,329.3 1 0
github.com/neonlab-dev/fsm/examples/advanced/main.go:330.2,330.20 1 1
github.com/neonlab-dev/fsm/examples/advanced/main.go:333.76,335.16 2 0
github.com/neonlab-dev/fsm/examples/advanced/main.go:335.16,338.3 2 0
github.com/neonlab-dev/fsm/examples/advanced/main.go:339.2,340.17 2 0
github.com/neonlab-dev/fsm/examples/advanced/main.go:340.17,343.3 1 0
github.com/neonlab-dev/fsm/examples/advanced/main.go:346.133,349.29 3 1
github.com/neonlab-dev/fsm/examples/advanced/main.go:349.29,356.21 4 1
github.com/neonlab-dev/fsm/examples/advanced/main.go:356.21,358.19 2 1
github.com/neonlab-dev/fsm/examples/advanced/main.go:358.19,361.5 2 1
github.com/neonlab-dev/fsm/examples/advanced/main.go:362.9,362.28 1 0
github.com/neonlab-dev/fsm/examples/advanced/main.go:362.28,364.4 1 0
github.com/neonlab-dev/fsm/examples/advanced/main.go:365.3,365.33 1 1
github.com/neonlab-dev/fsm/examples/advanced/main.go:367.2,367.16 1 1
github.com/neonlab-dev/fsm/builder.go:29.93,31.2 1 1
github.com/neonlab-dev/fsm/builder.go:33.116,37.49 3 1
github.com/neonlab-dev/fsm/builder.go:37.49,39.3 1 1
github.com/neonlab-dev/fsm/builder.go:40.2,40.90 1 1
github.com/neonlab-dev/fsm/builder.go:40.90,41.123 1 1
github.com/neonlab-dev/fsm/builder.go:43.2,45.97 3 1
github.com/neonlab-dev/fsm/builder.go:49.101,51.2 1 1
github.com/neonlab-dev/fsm/builder.go:54.108,56.2 1 1
github.com/neonlab-dev/fsm/builder.go:59.121,62.2 2 1
github.com/neonlab-dev/fsm/builder.go:65.123,67.54 2 1
github.com/neonlab-dev/fsm/builder.go:67.54,69.3 1 1
github.com/neonlab-dev/fsm/builder.go:70.2,71.10 2 1
github.com/neonlab-dev/fsm/builder.go:75.88,78.2 2 1
github.com/neonlab-dev/fsm/builder.go:81.120,86.2 4 1
github.com/neonlab-dev/fsm/builder.go:89.106,91.2 1 1
github.com/neonlab-dev/fsm/fsm.go:44.108,56.2 1 1
github.com/neonlab-dev/fsm/fsm.go:64.74,71.16 6 1
github.com/neonlab-dev/fsm/fsm.go:71.16,73.26 2 1
github.com/neonlab-dev/fsm/fsm.go:73.26,75.4 1 1
github.com/neonlab-dev/fsm/fsm.go:76.3,76.21 1 1
github.com/neonlab-dev/fsm/fsm.go:81.111,82.21 1 1
github.com/neonlab-dev/fsm/fsm.go:82.21,84.3 1 1
github.com/neonlab-dev/fsm/fsm.go:85.2,92.21 3 1
github.com/neonlab-dev/fsm/fsm.go:92.21,95.32 3 1
github.com/neonlab-dev/fsm/fsm.go:95.32,97.4 1 1
github.com/neonlab-dev/fsm/fsm.go:98.3,99.17 2 1
github.com/neonlab-dev/fsm/fsm.go:99.17,101.4 1 1
github.com/neonlab-dev/fsm/fsm.go:102.3,103.16 2 1
github.com/neonlab-dev/fsm/fsm.go:105.2,105.12 1 1
github.com/neonlab-dev/fsm/fsm.go:108.158,109.16 1 1
github.com/neonlab-dev/fsm/fsm.go:109.16,111.3 1 1
github.com/neonlab-dev/fsm/fsm.go:112.2,120.22 7 1
github.com/neonlab-dev/fsm/fsm.go:120.22,122.17 2 1
github.com/neonlab-dev/fsm/fsm.go:122.17,124.4 1 1
github.com/neonlab-dev/fsm/fsm.go:126.2,126.9 1 1
github.com/neonlab-dev/fsm/fsm.go:126.9,128.3 1 1
github.com/neonlab-dev/fsm/fsm.go:130.2,133.15 4 1
github.com/neonlab-dev/fsm/fsm.go:133.15,135.3 1 1
github.com/neonlab-dev/fsm/fsm.go:136.2,137.28 2 1
github.com/neonlab-dev/fsm/fsm.go:137.28,139.3 1 1
github.com/neonlab-dev/fsm/fsm.go:141.2,142.18 2 1
github.com/neonlab-dev/fsm/fsm.go:142.18,144.3 1 1
github.com/neonlab-dev/fsm/fsm.go:146.2,157.30 2 1
github.com/neonlab-dev/fsm/fsm.go:157.30,158.35 1 1
github.com/neonlab-dev/fsm/fsm.go:158.35,159.25 1 1
github.com/neonlab-dev/fsm/fsm.go:159.25,161.5 1 1
github.com/neonlab-dev/fsm/fsm.go:162.4,162.59 1 1
github.com/neonlab-dev/fsm/fsm.go:166.2,166.31 1 1
github.com/neonlab-dev/fsm/fsm.go:166.31,167.35 1 1
github.com/neonlab-dev/fsm/fsm.go:167.35,168.25 1 1
github.com/neonlab-dev/fsm/fsm.go:168.25,170.5 1 1
github.com/neonlab-dev/fsm/fsm.go:171.4,171.19 1 1
github.com/neonlab-dev/fsm/fsm.go:175.2,175.22 1 1
github.com/neonlab-dev/fsm/fsm.go:175.22,176.74 1 1
github.com/neonlab-dev/fsm/fsm.go:176.74,179.28 3 1
github.com/neonlab-dev/fsm/fsm.go:179.28,180.62 1 1
github.com/neonlab-dev/fsm/fsm.go:180.62,182.6 1 1
github.com/neonlab-dev/fsm/fsm.go:184.4,184.56 1 1
github.com/neonlab-dev/fsm/fsm.go:188.2,190.23 2 1
github.com/neonlab-dev/fsm/fsm.go:190.23,192.3 1 1
github.com/neonlab-dev/fsm/fsm.go:194.2,198.20 4 1
github.com/neonlab-dev/fsm/fsm.go:201.116,204.46 2 1
github.com/neonlab-dev/fsm/fsm.go:204.46,205.25 1 1
github.com/neonlab-dev/fsm/fsm.go:205.25,207.4 1 1
github.com/neonlab-dev/fsm/fsm.go:209.2,216.22 6 1
github.com/neonlab-dev/fsm/fsm.go:216.22,218.3 1 1
github.com/neonlab-dev/fsm/fsm.go:220.2,222.28 3 1
github.com/neonlab-dev/fsm/fsm.go:222.28,224.40 2 1
github.com/neonlab-dev/fsm/fsm.go:224.40,225.23 1 1
github.com/neonlab-dev/fsm/fsm.go:225.23,227.5 1 1
github.com/neonlab-dev/fsm/fsm.go:228.4,228.25 1 1
github.com/neonlab-dev/fsm/fsm.go:228.25,230.5 1 1
github.com/neonlab-dev/fsm/fsm.go:231.4,231.90 1 1
github.com/neonlab-dev/fsm/fsm.go:231.90,233.5 1 1
github.com/neonlab-dev/fsm/fsm.go:235.3,235.31 1 1
github.com/neonlab-dev/fsm/fsm.go:238.2,242.23 4 1
github.com/neonlab-dev/fsm/fsm.go:242.23,243.29 1 1
github.com/neonlab-dev/fsm/fsm.go:243.29,245.4 1 1
github.com/neonlab-dev/fsm/fsm.go:250.70,251.43 1 1
github.com/neonlab-dev/fsm/fsm.go:251.43,253.3 1 1
github.com/neonlab-dev/fsm/fsm.go:254.2,259.29 5 1
github.com/neonlab-dev/fsm/fsm.go:259.29,260.25 1 1
github.com/neonlab-dev/fsm/fsm.go:260.25,262.4 1 1
github.com/neonlab-dev/fsm/fsm.go:265.2,265.16 1 1
github.com/neonlab-dev/fsm/fsm.go:265.16,267.3 1 1
github.com/neonlab-dev/fsm/fsm.go:269.2,270.12 2 1
github.com/neonlab-dev/fsm/fsm.go:270.12,273.3 2 1
github.com/neonlab-dev/fsm/fsm.go:275.2,275.9 1 1
github.com/neonlab-dev/fsm/fsm.go:276.20,277.19 1 1
github.com/neonlab-dev/fsm/fsm.go:278.16,278.16 0 1
github.com/neonlab-dev/fsm/fsm.go:281.2,281.49 1 1
github.com/neonlab-dev/fsm/fsm.go:281.49,283.25 2 1
github.com/neonlab-dev/fsm/fsm.go:283.25,285.4 1 1
github.com/neonlab-dev/fsm/fsm.go:286.3,286.14 1 1
github.com/neonlab-dev/fsm/fsm.go:288.2,288.12 1 1
github.com/neonlab-dev/fsm/graph.go:32.89,37.64 4 1
github.com/neonlab-dev/fsm/graph.go:37.64,38.34 1 1
github.com/neonlab-dev/fsm/graph.go:38.34,40.4 1 1
github.com/neonlab-dev/fsm/graph.go:41.3,46.12 3 1
github.com/neonlab-dev/fsm/graph.go:49.2,49.42 1 1
github.com/neonlab-dev/fsm/graph.go:49.42,51.32 2 1
github.com/neonlab-dev/fsm/graph.go:51.32,52.17 1 1
github.com/neonlab-dev/fsm/graph.go:52.17,53.13 1 0
github.com/neonlab-dev/fsm/graph.go:55.4,57.20 3 1
github.com/neonlab-dev/fsm/graph.go:57.20,60.5 2 1
github.com/neonlab-dev/fsm/graph.go:61.4,67.21 2 1
github.com/neonlab-dev/fsm/graph.go:71.2,71.44 1 1
github.com/neonlab-dev/fsm/graph.go:71.44,76.3 4 1
github.com/neonlab-dev/fsm/graph.go:78.2,84.3 2 1
github.com/neonlab-dev/fsm/graph.go:98.107,99.51 1 1
github.com/neonlab-dev/fsm/graph.go:99.51,100.16 1 1
github.com/neonlab-dev/fsm/graph.go:100.16,102.4 1 1
github.com/neonlab-dev/fsm/graph.go:107.107,108.51 1 1
github.com/neonlab-dev/fsm/graph.go:108.51,109.16 1 1
github.com/neonlab-dev/fsm/graph.go:109.16,111.4 1 1
github.com/neonlab-dev/fsm/graph.go:116.82,117.51 1 1
github.com/neonlab-dev/fsm/graph.go:117.51,119.3 1 1
github.com/neonlab-dev/fsm/graph.go:123.80,124.51 1 1
github.com/neonlab-dev/fsm/graph.go:124.51,126.3 1 1
github.com/neonlab-dev/fsm/graph.go:130.106,133.2 2 1
github.com/neonlab-dev/fsm/graph.go:136.117,138.40 1 1
github.com/neonlab-dev/fsm/graph.go:138.40,138.64 1 1
github.com/neonlab-dev/fsm/graph.go:139.40,139.64 1 1
github.com/neonlab-dev/fsm/graph.go:143.2,143.27 1 1
github.com/neonlab-dev/fsm/graph.go:143.27,145.3 1 1
github.com/neonlab-dev/fsm/graph.go:147.2,148.21 2 1
github.com/neonlab-dev/fsm/graph.go:148.21,150.3 1 0
github.com/neonlab-dev/fsm/graph.go:151.2,151.81 1 1
github.com/neonlab-dev/fsm/graph.go:151.81,153.3 1 0
github.com/neonlab-dev/fsm/graph.go:154.2,154.116 1 1
github.com/neonlab-dev/fsm/graph.go:154.116,156.3 1 0
github.com/neonlab-dev/fsm/graph.go:158.2,159.33 2 1
github.com/neonlab-dev/fsm/graph.go:159.33,161.3 1 1
github.com/neonlab-dev/fsm/graph.go:162.2,162.44 1 1
github.com/neonlab-dev/fsm/graph.go:162.44,164.3 1 1
github.com/neonlab-dev/fsm/graph.go:166.2,167.36 2 1
github.com/neonlab-dev/fsm/graph.go:167.36,170.69 3 1
github.com/neonlab-dev/fsm/graph.go:170.69,172.56 2 1
github.com/neonlab-dev/fsm/graph.go:172.56,174.5 1 1
github.com/neonlab-dev/fsm/graph.go:175.4,175.81 1 1
github.com/neonlab-dev/fsm/graph.go:177.3,177.98 1 1
github.com/neonlab-dev/fsm/graph.go:177.98,179.4 1 0
github.com/neonlab-dev/fsm/graph.go:182.2,183.9 2 1
github.com/neonlab-dev/fsm/graph.go:183.9,185.3 1 0
github.com/neonlab-dev/fsm/graph.go:186.2,186.77 1 1
github.com/neonlab-dev/fsm/graph.go:186.77,188.3 1 0
github.com/neonlab-dev/fsm/graph.go:190.2,190.34 1 1
github.com/neonlab-dev/fsm/graph.go:190.34,192.31 2 1
github.com/neonlab-dev/fsm/graph.go:192.31,193.12 1 1
github.com/neonlab-dev/fsm/graph.go:195.3,196.34 2 1
github.com/neonlab-dev/fsm/graph.go:196.34,198.4 1 1
github.com/neonlab-dev/fsm/graph.go:199.3,199.42 1 1
github.com/neonlab-dev/fsm/graph.go:199.42,201.4 1 1
github.com/neonlab-dev/fsm/graph.go:203.3,203.29 1 1
github.com/neonlab-dev/fsm/graph.go:203.29,206.11 3 1
github.com/neonlab-dev/fsm/graph.go:206.11,208.5 1 0
github.com/neonlab-dev/fsm/graph.go:209.4,210.23 2 1
github.com/neonlab-dev/fsm/graph.go:210.23,212.26 2 1
github.com/neonlab-dev/fsm/graph.go:212.26,214.6 1 1
github.com/neonlab-dev/fsm/graph.go:215.5,215.27 1 1
github.com/neonlab-dev/fsm/graph.go:215.27,217.6 1 1
github.com/neonlab-dev/fsm/graph.go:218.5,218.27 1 1
github.com/neonlab-dev/fsm/graph.go:218.27,220.6 1 1
github.com/neonlab-dev/fsm/graph.go:222.4,222.113 1 1
github.com/neonlab-dev/fsm/graph.go:222.113,224.5 1 0
github.com/neonlab-dev/fsm/graph.go:228.2,229.12 2 1
github.com/neonlab-dev/fsm/graph.go:232.32,235.2 2 1
github.com/neonlab-dev/fsm/graphviz.go:23.56,24.21 1 1
github.com/neonlab-dev/fsm/graphviz.go:24.21,26.17 2 1
github.com/neonlab-dev/fsm/graphviz.go:26.17,28.4 1 1
github.com/neonlab-dev/fsm/graphviz.go:29.3,29.19 1 1
github.com/neonlab-dev/fsm/graphviz.go:31.2,32.16 2 1
github.com/neonlab-dev/fsm/graphviz.go:32.16,34.3 1 0
github.com/neonlab-dev/fsm/graphviz.go:35.2,35.18 1 1
github.com/neonlab-dev/fsm/graphviz.go:39.207,40.16 1 1
github.com/neonlab-dev/fsm/graphviz.go:40.16,42.3 1 0
github.com/neonlab-dev/fsm/graphviz.go:44.2,45.16 2 1
github.com/neonlab-dev/fsm/graphviz.go:45.16,47.3 1 1
github.com/neonlab-dev/fsm/graphviz.go:49.2,50.53 2 1
github.com/neonlab-dev/fsm/graphviz.go:50.53,52.3 1 0
github.com/neonlab-dev/fsm/graphviz.go:54.2,62.27 8 1
github.com/neonlab-dev/fsm/graphviz.go:62.27,64.3 1 1
github.com/neonlab-dev/fsm/graphviz.go:66.2,66.34 1 1
github.com/neonlab-dev/fsm/graphviz.go:66.34,68.19 2 1
github.com/neonlab-dev/fsm/graphviz.go:68.19,70.4 1 1
github.com/neonlab-dev/fsm/graphviz.go:71.3,71.63 1 0
github.com/neonlab-dev/fsm/graphviz.go:73.2,73.28 1 1
github.com/neonlab-dev/fsm/graphviz.go:77.190,78.14 1 1
github.com/neonlab-dev/fsm/graphviz.go:78.14,80.3 1 1
github.com/neonlab-dev/fsm/graphviz.go:81.2,81.69 1 1
github.com/neonlab-dev/fsm/observer.go:12.105,13.2 0 1
github.com/neonlab-dev/fsm/observer.go:14.115,15.2 0 1
github.com/neonlab-dev/fsm/observer.go:16.113,17.2 0 1
github.com/neonlab-dev/fsm/observer.go:18.111,19.2 0 1
github.com/neonlab-dev/fsm/observer.go:20.90,20.91 0 1
github.com/neonlab-dev/fsm/observer.go:21.97,22.2 0 1
github.com/neonlab-dev/fsm/observer.go:27.57,28.20 1 1
github.com/neonlab-dev/fsm/observer.go:28.20,30.3 1 1
github.com/neonlab-dev/fsm/observer.go:31.2,31.17 1 1
github.com/neonlab-dev/fsm/observer.go:34.109,36.2 1 1
github.com/neonlab-dev/fsm/observer.go:37.126,39.2 1 1
github.com/neonlab-dev/fsm/observer.go:40.121,42.2 1 1
github.com/neonlab-dev/fsm/observer.go:43.124,45.2 1 1
github.com/neonlab-dev/fsm/observer.go:46.99,48.2 1 1
github.com/neonlab-dev/fsm/observer.go:49.110,51.2 1 1
github.com/neonlab-dev/fsm/otel.go:30.113,31.15 1 1
github.com/neonlab-dev/fsm/otel.go:31.15,33.3 1 1
github.com/neonlab-dev/fsm/otel.go:34.2,34.82 1 1
github.com/neonlab-dev/fsm/otel.go:34.82,35.76 1 1
github.com/neonlab-dev/fsm/otel.go:35.76,47.21 4 1
github.com/neonlab-dev/fsm/otel.go:47.21,49.5 1 1
github.com/neonlab-dev/fsm/otel.go:50.4,53.18 3 1
github.com/neonlab-dev/fsm/otel.go:53.18,56.5 2 1
github.com/neonlab-dev/fsm/otel.go:56.10,58.5 1 1
github.com/neonlab-dev/fsm/otel.go:59.4,60.14 2 1
github.com/neonlab-dev/fsm/session.go:10.101,11.14 1 1
github.com/neonlab-dev/fsm/session.go:11.14,13.3 1 1
github.com/neonlab-dev/fsm/session.go:14.2,14.18 1 1
github.com/neonlab-dev/fsm/session.go:14.18,16.3 1 1
github.com/neonlab-dev/fsm/session.go:17.2,17.25 1 1
github.com/neonlab-dev/fsm/session.go:17.25,19.3 1 1
github.com/neonlab-dev/fsm/session.go:20.2,20.16 1 1
github.com/neonlab-dev/fsm/session.go:20.16,22.3 1 1
github.com/neonlab-dev/fsm/session.go:23.2,29.12 3 1
github.com/neonlab-dev/fsm/storage.go:20.107,28.2 1 1
github.com/neonlab-dev/fsm/storage.go:31.116,34.36 3 1
github.com/neonlab-dev/fsm/storage.go:34.36,36.3 1 1
github.com/neonlab-dev/fsm/storage.go:37.2,37.38 1 1
github.com/neonlab-dev/fsm/storage.go:41.122,49.2 4 1
