mode: set
fsm/examples/medium/main.go:31.13,40.15 3 0
fsm/examples/medium/main.go:40.15,42.3 1 0
fsm/examples/medium/main.go:44.2,46.93 1 0
fsm/examples/medium/main.go:46.93,47.20 1 0
fsm/examples/medium/main.go:47.20,49.5 1 0
fsm/examples/medium/main.go:50.4,51.42 2 0
fsm/examples/medium/main.go:55.2,57.92 1 0
fsm/examples/medium/main.go:57.92,58.45 1 0
fsm/examples/medium/main.go:58.45,60.5 1 0
fsm/examples/medium/main.go:61.4,61.14 1 0
fsm/examples/medium/main.go:63.93,66.4 2 0
fsm/examples/medium/main.go:69.2,79.25 3 0
fsm/examples/medium/main.go:82.118,83.92 1 0
fsm/examples/medium/main.go:83.92,85.38 2 0
fsm/examples/medium/main.go:85.38,88.4 2 0
fsm/examples/medium/main.go:89.3,90.13 2 0
fsm/examples/medium/main.go:94.82,95.92 1 0
fsm/examples/medium/main.go:95.92,96.19 1 0
fsm/examples/medium/main.go:96.19,98.4 1 0
fsm/examples/medium/main.go:99.3,100.13 2 0
fsm/examples/medium/main.go:104.125,108.43 3 0
fsm/examples/medium/main.go:108.43,110.65 2 0
fsm/examples/medium/main.go:110.65,112.4 1 0
fsm/examples/medium/main.go:113.3,115.18 3 0
fsm/examples/medium/main.go:115.18,117.4 1 0
fsm/examples/medium/main.go:120.2,122.24 3 0
fsm/examples/advanced/main.go:37.13,48.15 4 0
fsm/examples/advanced/main.go:48.15,50.3 1 0
fsm/examples/advanced/main.go:52.2,53.33 2 0
fsm/examples/advanced/main.go:56.71,74.87 3 0
fsm/examples/advanced/main.go:74.87,75.20 1 0
fsm/examples/advanced/main.go:75.20,77.5 1 0
fsm/examples/advanced/main.go:78.4,80.14 3 0
fsm/examples/advanced/main.go:85.2,87.87 1 0
fsm/examples/advanced/main.go:87.87,88.20 1 0
fsm/examples/advanced/main.go:88.20,90.5 1 0
fsm/examples/advanced/main.go:91.4,91.38 1 0
fsm/examples/advanced/main.go:91.38,93.5 1 0
fsm/examples/advanced/main.go:93.10,95.5 1 0
fsm/examples/advanced/main.go:96.4,96.14 1 0
fsm/examples/advanced/main.go:101.2,103.87 1 0
fsm/examples/advanced/main.go:103.87,104.20 1 0
fsm/examples/advanced/main.go:104.20,106.5 1 0
fsm/examples/advanced/main.go:107.4,108.14 2 0
fsm/examples/advanced/main.go:113.2,114.81 1 0
fsm/examples/advanced/main.go:117.70,118.86 1 0
fsm/examples/advanced/main.go:118.86,119.19 1 0
fsm/examples/advanced/main.go:119.19,121.4 1 0
fsm/examples/advanced/main.go:122.3,122.28 1 0
fsm/examples/advanced/main.go:122.28,124.4 1 0
fsm/examples/advanced/main.go:125.3,125.13 1 0
fsm/examples/advanced/main.go:129.59,130.86 1 0
fsm/examples/advanced/main.go:130.86,131.19 1 0
fsm/examples/advanced/main.go:131.19,133.4 1 0
fsm/examples/advanced/main.go:134.3,138.13 5 0
fsm/examples/advanced/main.go:142.108,143.86 1 0
fsm/examples/advanced/main.go:143.86,149.3 5 0
fsm/examples/advanced/main.go:152.108,153.92 1 0
fsm/examples/advanced/main.go:153.92,154.16 1 0
fsm/examples/advanced/main.go:154.16,155.32 1 0
fsm/examples/advanced/main.go:155.32,157.5 1 0
fsm/examples/advanced/main.go:159.3,159.22 1 0
fsm/examples/advanced/main.go:165.102,167.2 1 0
fsm/examples/advanced/main.go:169.119,171.2 1 0
fsm/examples/advanced/main.go:173.114,175.2 1 0
fsm/examples/advanced/main.go:177.123,179.2 1 0
fsm/examples/advanced/main.go:181.92,183.2 1 0
fsm/examples/advanced/main.go:185.103,187.2 1 0
fsm/examples/advanced/main.go:198.52,206.2 1 0
fsm/examples/advanced/main.go:208.100,211.39 3 0
fsm/examples/advanced/main.go:211.39,213.3 1 0
fsm/examples/advanced/main.go:214.2,214.35 1 0
fsm/examples/advanced/main.go:217.106,225.2 4 0
fsm/examples/advanced/main.go:227.89,231.68 3 0
fsm/examples/advanced/main.go:231.68,233.3 1 0
fsm/examples/advanced/main.go:234.2,235.69 2 0
fsm/examples/advanced/main.go:235.69,237.3 1 0
fsm/examples/advanced/main.go:238.2,241.68 3 0
fsm/examples/advanced/main.go:241.68,243.3 1 0
fsm/examples/advanced/main.go:244.2,248.68 4 0
fsm/examples/advanced/main.go:248.68,250.3 1 0
fsm/examples/advanced/main.go:251.2,251.78 1 0
fsm/examples/advanced/main.go:251.78,253.3 1 0
fsm/examples/advanced/main.go:254.2,254.68 1 0
fsm/examples/advanced/main.go:254.68,256.3 1 0
fsm/examples/advanced/main.go:257.2,257.69 1 0
fsm/examples/advanced/main.go:257.69,259.3 1 0
fsm/examples/advanced/main.go:260.2,260.35 1 0
fsm/examples/advanced/main.go:263.76,265.16 2 0
fsm/examples/advanced/main.go:265.16,268.3 2 0
fsm/examples/advanced/main.go:269.2,270.17 2 0
fsm/examples/advanced/main.go:270.17,273.3 1 0
fsm/examples/basic/main.go:20.13,27.15 3 0
fsm/examples/basic/main.go:27.15,29.3 1 0
fsm/examples/basic/main.go:31.2,33.92 1 0
fsm/examples/basic/main.go:33.92,36.4 2 0
fsm/examples/basic/main.go:39.2,41.92 1 0
fsm/examples/basic/main.go:41.92,44.4 2 0
fsm/examples/basic/main.go:47.2,47.31 1 0
fsm/examples/basic/main.go:50.139,54.29 3 0
fsm/examples/basic/main.go:54.29,55.60 1 0
fsm/examples/basic/main.go:55.60,56.14 1 0
fsm/examples/basic/main.go:58.3,59.10 2 0
fsm/examples/basic/main.go:59.10,61.4 1 0
fsm/examples/basic/main.go:62.3,62.57 1 0
fsm/builder.go:29.93,31.2 1 1
fsm/builder.go:33.116,37.49 3 1
fsm/builder.go:37.49,39.3 1 1
fsm/builder.go:40.2,40.90 1 1
fsm/builder.go:40.90,41.123 1 1
fsm/builder.go:43.2,45.97 3 1
fsm/builder.go:49.101,51.2 1 1
fsm/builder.go:54.108,56.2 1 1
fsm/builder.go:59.121,62.2 2 1
fsm/builder.go:65.123,67.54 2 1
fsm/builder.go:67.54,69.3 1 1
fsm/builder.go:70.2,71.10 2 1
fsm/builder.go:75.88,78.2 2 1
fsm/builder.go:81.120,86.2 4 1
fsm/builder.go:89.106,91.2 1 1
fsm/fsm.go:43.108,55.2 1 1
fsm/fsm.go:63.74,69.16 5 1
fsm/fsm.go:69.16,71.26 2 1
fsm/fsm.go:71.26,73.4 1 1
fsm/fsm.go:78.111,79.21 1 1
fsm/fsm.go:79.21,81.3 1 1
fsm/fsm.go:82.2,84.15 3 1
fsm/fsm.go:84.15,85.15 1 1
fsm/fsm.go:85.15,87.4 1 1
fsm/fsm.go:91.2,96.22 5 1
fsm/fsm.go:96.22,98.17 2 1
fsm/fsm.go:98.17,100.4 1 1
fsm/fsm.go:102.2,102.9 1 1
fsm/fsm.go:102.9,104.3 1 1
fsm/fsm.go:107.2,110.15 4 1
fsm/fsm.go:110.15,112.3 1 1
fsm/fsm.go:113.2,114.28 2 1
fsm/fsm.go:114.28,116.3 1 1
fsm/fsm.go:119.2,120.18 2 1
fsm/fsm.go:120.18,122.3 1 1
fsm/fsm.go:124.2,136.30 2 1
fsm/fsm.go:136.30,137.35 1 1
fsm/fsm.go:137.35,138.25 1 1
fsm/fsm.go:138.25,140.5 1 1
fsm/fsm.go:141.4,141.54 1 1
fsm/fsm.go:146.2,146.31 1 1
fsm/fsm.go:146.31,147.35 1 1
fsm/fsm.go:147.35,148.25 1 1
fsm/fsm.go:148.25,150.5 1 1
fsm/fsm.go:151.4,151.14 1 1
fsm/fsm.go:156.2,156.22 1 1
fsm/fsm.go:156.22,157.74 1 1
fsm/fsm.go:157.74,160.28 3 1
fsm/fsm.go:160.28,161.62 1 1
fsm/fsm.go:161.62,163.6 1 1
fsm/fsm.go:165.4,165.51 1 1
fsm/fsm.go:170.2,173.23 2 1
fsm/fsm.go:173.23,175.3 1 1
fsm/fsm.go:176.2,180.14 4 1
fsm/fsm.go:180.14,183.3 2 1
fsm/fsm.go:185.2,185.28 1 1
fsm/fsm.go:185.28,186.22 1 1
fsm/fsm.go:186.22,188.4 1 1
fsm/fsm.go:189.3,189.70 1 1
fsm/fsm.go:189.70,191.4 1 0
fsm/fsm.go:193.2,193.12 1 1
fsm/fsm.go:196.116,199.46 2 1
fsm/fsm.go:199.46,200.25 1 1
fsm/fsm.go:200.25,202.4 1 1
fsm/fsm.go:204.2,211.22 6 1
fsm/fsm.go:211.22,213.3 1 1
fsm/fsm.go:215.2,217.28 3 1
fsm/fsm.go:217.28,219.40 2 1
fsm/fsm.go:219.40,220.23 1 1
fsm/fsm.go:220.23,222.5 1 1
fsm/fsm.go:223.4,223.25 1 1
fsm/fsm.go:223.25,225.5 1 1
fsm/fsm.go:226.4,226.90 1 1
fsm/fsm.go:226.90,228.5 1 1
fsm/fsm.go:230.3,230.31 1 1
fsm/fsm.go:233.2,237.23 4 1
fsm/fsm.go:237.23,238.29 1 1
fsm/fsm.go:238.29,240.4 1 1
fsm/fsm.go:245.70,246.43 1 1
fsm/fsm.go:246.43,248.3 1 1
fsm/fsm.go:249.2,254.29 5 1
fsm/fsm.go:254.29,255.25 1 1
fsm/fsm.go:255.25,257.4 1 1
fsm/fsm.go:260.2,260.16 1 1
fsm/fsm.go:260.16,262.3 1 0
fsm/fsm.go:264.2,267.6 3 1
fsm/fsm.go:267.6,269.50 2 1
fsm/fsm.go:269.50,271.26 2 1
fsm/fsm.go:271.26,274.5 2 0
fsm/fsm.go:275.4,276.15 2 1
fsm/fsm.go:278.3,278.11 1 1
fsm/fsm.go:278.11,280.4 1 1
fsm/fsm.go:281.3,281.10 1 1
fsm/fsm.go:282.21,283.20 1 1
fsm/fsm.go:284.19,284.19 0 1
fsm/observer.go:12.105,13.2 0 1
fsm/observer.go:14.115,15.2 0 1
fsm/observer.go:16.113,17.2 0 1
fsm/observer.go:18.111,19.2 0 1
fsm/observer.go:20.90,20.91 0 1
fsm/observer.go:21.97,22.2 0 1
fsm/observer.go:27.57,28.20 1 1
fsm/observer.go:28.20,30.3 1 1
fsm/observer.go:31.2,31.17 1 1
fsm/observer.go:34.109,36.2 1 1
fsm/observer.go:37.126,39.2 1 1
fsm/observer.go:40.121,42.2 1 1
fsm/observer.go:43.124,45.2 1 1
fsm/observer.go:46.99,48.2 1 1
fsm/observer.go:49.110,51.2 1 1
fsm/otel.go:30.113,31.15 1 1
fsm/otel.go:31.15,33.3 1 1
fsm/otel.go:34.2,34.82 1 1
fsm/otel.go:34.82,35.76 1 1
fsm/otel.go:35.76,47.21 4 1
fsm/otel.go:47.21,49.5 1 1
fsm/otel.go:50.4,53.18 3 1
fsm/otel.go:53.18,56.5 2 1
fsm/otel.go:56.10,58.5 1 1
fsm/otel.go:59.4,60.14 2 1
fsm/session.go:10.101,11.14 1 1
fsm/session.go:11.14,13.3 1 1
fsm/session.go:14.2,14.18 1 1
fsm/session.go:14.18,16.3 1 1
fsm/session.go:17.2,17.25 1 1
fsm/session.go:17.25,19.3 1 1
fsm/session.go:20.2,20.16 1 1
fsm/session.go:20.16,22.3 1 1
fsm/session.go:23.2,29.12 3 1
fsm/storage.go:20.107,28.2 1 1
fsm/storage.go:31.116,34.36 3 1
fsm/storage.go:34.36,36.3 1 1
fsm/storage.go:37.2,37.38 1 1
fsm/storage.go:41.122,49.2 4 1
